Unity Editor version:    2020.3.17f1 (a4537701e4ab)
Branch:                  2020.3/staging
Build type:              Release
Batch mode:              YES
macOS version:           Version 11.6 (Build 20G165)
Darwin version:          20.6.0
Architecture:            x86_64
Running under Rosetta:   NO
Available memory:        8192 MB
Using pre-set license
Pro License: NO

COMMAND LINE ARGUMENTS:
/Applications/Unity/Hub/Editor/2020.3.17f1/Unity.app/Contents/MacOS/Unity
-adb2
-batchMode
-noUpm
-name
AssetImportWorker0
-projectPath
/Users/schufft/Desktop/CLUECREW/CLUECREW-SEM2/CLUE CREW 3D
-logFile
Logs/AssetImportWorker0.log
-srvPort
53131
Successfully changed project path to: /Users/schufft/Desktop/CLUECREW/CLUECREW-SEM2/CLUE CREW 3D
/Users/schufft/Desktop/CLUECREW/CLUECREW-SEM2/CLUE CREW 3D
Using Asset Import Pipeline V2.
Refreshing native plugins compatible for Editor in 76.86 ms, found 2 plugins.
Preloading 0 native plugins for Editor in 0.00 ms.
Initialize engine version: 2020.3.17f1 (a4537701e4ab)
[Subsystems] Discovering subsystems at path /Applications/Unity/Hub/Editor/2020.3.17f1/Unity.app/Contents/Resources/UnitySubsystems
[Subsystems] Discovering subsystems at path /Users/schufft/Desktop/CLUECREW/CLUECREW-SEM2/CLUE CREW 3D/Assets
GfxDevice: creating device client; threaded=0
2022-05-18 12:35:36.274 Unity[25289:950143] Color LCD preferred device: Intel(R) Iris(TM) Graphics 6000 (low power)
2022-05-18 12:35:36.274 Unity[25289:950143] Metal devices available: 1
2022-05-18 12:35:36.274 Unity[25289:950143] 0: Intel(R) Iris(TM) Graphics 6000 (low power)
2022-05-18 12:35:36.274 Unity[25289:950143] Using device Intel(R) Iris(TM) Graphics 6000 (low power)
Initializing Metal device caps: Intel(R) Iris(TM) Graphics 6000
Initialize mono
Mono path[0] = '/Applications/Unity/Hub/Editor/2020.3.17f1/Unity.app/Contents/Managed'
Mono path[1] = '/Applications/Unity/Hub/Editor/2020.3.17f1/Unity.app/Contents/MonoBleedingEdge/lib/mono/unityjit'
Mono config path = '/Applications/Unity/Hub/Editor/2020.3.17f1/Unity.app/Contents/MonoBleedingEdge/etc'
Using monoOptions --debugger-agent=transport=dt_socket,embedding=1,server=y,suspend=n,address=127.0.0.1:56289
Begin MonoManager ReloadAssembly
Registering precompiled unity dll's ...
Register platform support module: /Applications/Unity/Hub/Editor/2020.3.17f1/Unity.app/Contents/PlaybackEngines/MacStandaloneSupport/UnityEditor.OSXStandalone.Extensions.dll
Registered in 0.003304 seconds.
Native extension for OSXStandalone target not found
Refreshing native plugins compatible for Editor in 46.07 ms, found 2 plugins.
Preloading 0 native plugins for Editor in 0.00 ms.
Mono: successfully reloaded assembly
- Completed reload, in  3.270 seconds
Domain Reload Profiling:
	ReloadAssembly (3270ms)
		BeginReloadAssembly (71ms)
			ExecutionOrderSort (0ms)
			DisableScriptedObjects (0ms)
			BackupInstance (0ms)
			ReleaseScriptingObjects (0ms)
			CreateAndSetChildDomain (1ms)
		EndReloadAssembly (808ms)
			LoadAssemblies (75ms)
			RebuildTransferFunctionScriptingTraits (0ms)
			SetupTypeCache (301ms)
			ReleaseScriptCaches (0ms)
			RebuildScriptCaches (65ms)
			SetupLoadedEditorAssemblies (355ms)
				LogAssemblyErrors (0ms)
				InitializePlatformSupportModulesInManaged (6ms)
				SetLoadedEditorAssemblies (0ms)
				RefreshPlugins (46ms)
				BeforeProcessingInitializeOnLoad (15ms)
				ProcessInitializeOnLoadAttributes (235ms)
				ProcessInitializeOnLoadMethodAttributes (52ms)
				AfterProcessingInitializeOnLoad (0ms)
				EditorAssembliesLoaded (0ms)
			ExecutionOrderSort2 (0ms)
			AwakeInstancesAfterBackupRestoration (0ms)
Platform modules already initialized, skipping
Registering precompiled user dll's ...
Registered in 0.008807 seconds.
Begin MonoManager ReloadAssembly
Native extension for OSXStandalone target not found
Refreshing native plugins compatible for Editor in 0.46 ms, found 2 plugins.
Preloading 0 native plugins for Editor in 0.00 ms.
Mono: successfully reloaded assembly
- Completed reload, in  1.876 seconds
Domain Reload Profiling:
	ReloadAssembly (1879ms)
		BeginReloadAssembly (234ms)
			ExecutionOrderSort (0ms)
			DisableScriptedObjects (8ms)
			BackupInstance (0ms)
			ReleaseScriptingObjects (0ms)
			CreateAndSetChildDomain (46ms)
		EndReloadAssembly (1537ms)
			LoadAssemblies (131ms)
			RebuildTransferFunctionScriptingTraits (0ms)
			SetupTypeCache (495ms)
			ReleaseScriptCaches (0ms)
			RebuildScriptCaches (86ms)
			SetupLoadedEditorAssemblies (603ms)
				LogAssemblyErrors (0ms)
				InitializePlatformSupportModulesInManaged (8ms)
				SetLoadedEditorAssemblies (1ms)
				RefreshPlugins (1ms)
				BeforeProcessingInitializeOnLoad (97ms)
				ProcessInitializeOnLoadAttributes (488ms)
				ProcessInitializeOnLoadMethodAttributes (7ms)
				AfterProcessingInitializeOnLoad (2ms)
				EditorAssembliesLoaded (0ms)
			ExecutionOrderSort2 (0ms)
			AwakeInstancesAfterBackupRestoration (12ms)
Platform modules already initialized, skipping
Validating Project structure ... 0.022850 seconds.
Shader import version has changed; will reimport all shaders...
Upgrading shader files ...0.063889 seconds.
Application.AssetDatabase Initial Script Refresh Start
RefreshInfo: InitialScriptRefreshV2(NoUpdateAssetOptions) scanfilter:  ... 1 filters
RefreshProfiler: Total: 0.000ms
Application.AssetDatabase Initial Script Refresh End
Application.AssetDatabase.Refresh Start
Application.AssetDatabase.Refresh End
RefreshInfo: StopAssetImportingV2(ForceSynchronousImport) scanfilter: 
RefreshProfiler: Total: 0.000ms
Launching external process: /Applications/Unity/Hub/Editor/2020.3.17f1/Unity.app/Contents/Tools/UnityShaderCompiler
Launched and connected shader compiler UnityShaderCompiler after 0.03 seconds
Initializing Unity extensions:
========================================================================
Worker process is ready to serve import requests
Refreshing native plugins compatible for Editor in 0.72 ms, found 2 plugins.
Preloading 0 native plugins for Editor in 0.00 ms.
Unloading 1450 Unused Serialized files (Serialized files now loaded: 0)
System memory in use before: 167.7 MB.
System memory in use after: 166.9 MB.

Unloading 115 unused Assets to reduce memory usage. Loaded Objects now: 1932.
Total: 6.095914 ms (FindLiveObjects: 1.161856 ms CreateObjectMapping: 0.343541 ms MarkObjects: 3.936396 ms  DeleteObjects: 0.650948 ms)

AssetImportParameters requested are different than current active one (requested -> active):
  custom:video-decoder-ogg-theora: a1e56fd34408186e4bbccfd4996cb3dc -> 
  custom:container-muxer-webm: aa71ff27fc2769a1b78a27578f13a17b -> 
  custom:container-demuxer-webm: 4f35f7cbe854078d1ac9338744f61a02 -> 
  custom:container-demuxer-ogg: 62fdf1f143b41e24485cea50d1cbac27 -> 
  custom:video-encoder-webm-vp8: eb34c28f22e8b96e1ab97ce403110664 -> 
  custom:framework-osx-AVFoundation: e770b220cccbd017edd2c1fefb359320 -> 
  custom:video-decoder-webm-vp8: 9c59270c3fd7afecdb556c50c9e8de78 -> 
  custom:audio-decoder-ogg-vorbis: bf7c407c2cedff20999df2af8eb42d56 -> 
  custom:audio-encoder-webm-vorbis: bf7c407c2cedff20999df2af8eb42d56 -> 
========================================================================
Received Import Request.
  path: Assets/Prefabs/CLUECREW-CHARACTERS/Female/CLUECREW_MrsScarlett[FINISHED].obj
  artifactKey: Guid(f87089397ca1f4ed6b5c8fc02f5c5e10) Importer(815301076,1909f56bfc062723c751e8b465ee728b)
Start importing Assets/Prefabs/CLUECREW-CHARACTERS/Female/CLUECREW_MrsScarlett[FINISHED].obj using Guid(f87089397ca1f4ed6b5c8fc02f5c5e10) Importer(815301076,1909f56bfc062723c751e8b465ee728b)  -> (artifact id: '983e712ba92dae14eaf8a5e06daed0f7') in 1.181022 seconds 
  Import took 1.188409 seconds .

========================================================================
Received Import Request.
  Time since last request: 0.011780 seconds.
  path: Assets/Prefabs/CLUECREW-CHARACTERS/Female/CLUECREW_MrsWhite[FINISHED].obj
  artifactKey: Guid(9683f44812b0e4a298ce8bc52e957adb) Importer(815301076,1909f56bfc062723c751e8b465ee728b)
Start importing Assets/Prefabs/CLUECREW-CHARACTERS/Female/CLUECREW_MrsWhite[FINISHED].obj using Guid(9683f44812b0e4a298ce8bc52e957adb) Importer(815301076,1909f56bfc062723c751e8b465ee728b)  -> (artifact id: '4bd88c49718d5b08a2791739dad00cb9') in 0.313233 seconds 
  Import took 0.320855 seconds .

========================================================================
Received Import Request.
  Time since last request: 0.000947 seconds.
  path: Assets/Prefabs/CLUECREW-CHARACTERS/Female/CLUECREW_MsPeacock[FINISHED].obj
  artifactKey: Guid(0fa6f8557798749099521532eb4c5ca7) Importer(815301076,1909f56bfc062723c751e8b465ee728b)
Start importing Assets/Prefabs/CLUECREW-CHARACTERS/Female/CLUECREW_MsPeacock[FINISHED].obj using Guid(0fa6f8557798749099521532eb4c5ca7) Importer(815301076,1909f56bfc062723c751e8b465ee728b)  -> (artifact id: 'd6e5dcbaa523ffb6c6bddffe52dab559') in 0.307655 seconds 
  Import took 0.316299 seconds .

========================================================================
Received Import Request.
  Time since last request: 0.001013 seconds.
  path: Assets/Prefabs/CLUECREW-CHARACTERS/Female/CLUECREW_MrsScarlett[FINISHED].mtl
  artifactKey: Guid(608bc82e9ebc9422aa3290e5961754a2) Importer(815301076,1909f56bfc062723c751e8b465ee728b)
Start importing Assets/Prefabs/CLUECREW-CHARACTERS/Female/CLUECREW_MrsScarlett[FINISHED].mtl using Guid(608bc82e9ebc9422aa3290e5961754a2) Importer(815301076,1909f56bfc062723c751e8b465ee728b)  -> (artifact id: '72c2008f89013a1774a8bb2c334ac826') in 0.514297 seconds 
  Import took 0.518534 seconds .

========================================================================
Received Import Request.
  Time since last request: 0.006799 seconds.
  path: Assets/Prefabs/CLUECREW-CHARACTERS/Female/CLUECREW_MsPeacock[FINISHED].mtl
  artifactKey: Guid(6f1b1f48e344545df9d87ee3f85bba87) Importer(815301076,1909f56bfc062723c751e8b465ee728b)
Start importing Assets/Prefabs/CLUECREW-CHARACTERS/Female/CLUECREW_MsPeacock[FINISHED].mtl using Guid(6f1b1f48e344545df9d87ee3f85bba87) Importer(815301076,1909f56bfc062723c751e8b465ee728b)  -> (artifact id: '0f6d95832dfe33f2d1c8928121f8834a') in 0.011106 seconds 
  Import took 0.017187 seconds .

========================================================================
Received Import Request.
  Time since last request: 1.518328 seconds.
  path: Assets/Prefabs/CLUECREW-CHARACTERS/Female/CLUECREW_MrsWhite[FINISHED].mtl
  artifactKey: Guid(29c710b1f67f7423482a206ebf005a26) Importer(815301076,1909f56bfc062723c751e8b465ee728b)
Start importing Assets/Prefabs/CLUECREW-CHARACTERS/Female/CLUECREW_MrsWhite[FINISHED].mtl using Guid(29c710b1f67f7423482a206ebf005a26) Importer(815301076,1909f56bfc062723c751e8b465ee728b)  -> (artifact id: '6a6b7eb7e1c7d3cf6860f195a6a3a875') in 0.011275 seconds 
  Import took 0.018523 seconds .

========================================================================
Received Import Request.
  Time since last request: 105.882256 seconds.
  path: Assets/Prefabs/CLUECREW-CHARACTERS/Female/CLUECREW_MrsScarlett[FINISHED].obj
  artifactKey: Guid(f87089397ca1f4ed6b5c8fc02f5c5e10) Importer(815301076,1909f56bfc062723c751e8b465ee728b)
Start importing Assets/Prefabs/CLUECREW-CHARACTERS/Female/CLUECREW_MrsScarlett[FINISHED].obj using Guid(f87089397ca1f4ed6b5c8fc02f5c5e10) Importer(815301076,1909f56bfc062723c751e8b465ee728b)  -> (artifact id: 'ecb8d668ee1d361dd0ee8d314d1dc6c4') in 0.201229 seconds 
  Import took 0.210014 seconds .

========================================================================
Received Import Request.
  Time since last request: 11.070617 seconds.
  path: Assets/Prefabs/CLUECREW-CHARACTERS/Female/Materials
  artifactKey: Guid(41d07c18137c347ca8bc217312ad9017) Importer(815301076,1909f56bfc062723c751e8b465ee728b)
Start importing Assets/Prefabs/CLUECREW-CHARACTERS/Female/Materials using Guid(41d07c18137c347ca8bc217312ad9017) Importer(815301076,1909f56bfc062723c751e8b465ee728b)  -> (artifact id: 'ef8156ded18c245a1bf93fd0417a2f14') in 0.003326 seconds 
  Import took 0.008464 seconds .

========================================================================
Received Import Request.
  Time since last request: 0.725780 seconds.
  path: Assets/Prefabs/CLUECREW-CHARACTERS/Female/Materials/CLUECREW_MrsScarlett[FINISHED]-Body_BodyMesh_SkinMatMat.mat
  artifactKey: Guid(8740129a4508247be8c88f4e38ec3110) Importer(815301076,1909f56bfc062723c751e8b465ee728b)
Start importing Assets/Prefabs/CLUECREW-CHARACTERS/Female/Materials/CLUECREW_MrsScarlett[FINISHED]-Body_BodyMesh_SkinMatMat.mat using Guid(8740129a4508247be8c88f4e38ec3110) Importer(815301076,1909f56bfc062723c751e8b465ee728b)  -> (artifact id: '57d886ce24dbf919a9d2255f6e643472') in 1.249884 seconds 
  Import took 1.257429 seconds .

========================================================================
Received Import Request.
  Time since last request: 0.004479 seconds.
  path: Assets/Prefabs/CLUECREW-CHARACTERS/Female/Materials/CLUECREW_MrsScarlett[FINISHED]-Teeth_TeethMesh_Default_OBJ.001Mat.mat
  artifactKey: Guid(5fc6735caf59c4923af56aeaf49af6f4) Importer(815301076,1909f56bfc062723c751e8b465ee728b)
Start importing Assets/Prefabs/CLUECREW-CHARACTERS/Female/Materials/CLUECREW_MrsScarlett[FINISHED]-Teeth_TeethMesh_Default_OBJ.001Mat.mat using Guid(5fc6735caf59c4923af56aeaf49af6f4) Importer(815301076,1909f56bfc062723c751e8b465ee728b)  -> (artifact id: 'b4824210132dd05eaf63cfec8d0931f6') in 0.025391 seconds 
  Import took 0.034743 seconds .

========================================================================
Received Import Request.
  Time since last request: 0.006624 seconds.
  path: Assets/Prefabs/CLUECREW-CHARACTERS/Female/Materials/CLUECREW_MrsScarlett[FINISHED]-SuitPatternMakingDetailed.002_Plane.002_FabricForShirt.001Mat.mat
  artifactKey: Guid(2fd15750808384ecebe7745845342335) Importer(815301076,1909f56bfc062723c751e8b465ee728b)
Start importing Assets/Prefabs/CLUECREW-CHARACTERS/Female/Materials/CLUECREW_MrsScarlett[FINISHED]-SuitPatternMakingDetailed.002_Plane.002_FabricForShirt.001Mat.mat using Guid(2fd15750808384ecebe7745845342335) Importer(815301076,1909f56bfc062723c751e8b465ee728b)  -> (artifact id: 'dae1e10390dc07c0c132847c3ce06d76') in 0.018283 seconds 
  Import took 0.027341 seconds .

========================================================================
Received Import Request.
  Time since last request: 0.002371 seconds.
  path: Assets/Prefabs/CLUECREW-CHARACTERS/Female/Materials/CLUECREW_MrsScarlett[FINISHED]-Tongue_TongueMesh_Default_OBJ.001Mat.mat
  artifactKey: Guid(805322bd846834630aa4a40aba9936e8) Importer(815301076,1909f56bfc062723c751e8b465ee728b)
Start importing Assets/Prefabs/CLUECREW-CHARACTERS/Female/Materials/CLUECREW_MrsScarlett[FINISHED]-Tongue_TongueMesh_Default_OBJ.001Mat.mat using Guid(805322bd846834630aa4a40aba9936e8) Importer(815301076,1909f56bfc062723c751e8b465ee728b)  -> (artifact id: '5b075d41578f4e2b015f6c2c966cd57f') in 0.022806 seconds 
  Import took 0.029464 seconds .

========================================================================
Received Import Request.
  Time since last request: 0.000422 seconds.
  path: Assets/Prefabs/CLUECREW-CHARACTERS/Female/Materials/CLUECREW_MrsScarlett[FINISHED]-Eye_EyeMesh_EyeMatMat.mat
  artifactKey: Guid(34a83932b0620420c874b8b3beedf84a) Importer(815301076,1909f56bfc062723c751e8b465ee728b)
Start importing Assets/Prefabs/CLUECREW-CHARACTERS/Female/Materials/CLUECREW_MrsScarlett[FINISHED]-Eye_EyeMesh_EyeMatMat.mat using Guid(34a83932b0620420c874b8b3beedf84a) Importer(815301076,1909f56bfc062723c751e8b465ee728b)  -> (artifact id: '8ec446c9cf159d6d9ca37ce30890cda0') in 0.039682 seconds 
  Import took 0.045547 seconds .

========================================================================
Received Import Request.
  Time since last request: 0.000281 seconds.
  path: Assets/Prefabs/CLUECREW-CHARACTERS/Female/Materials/CLUECREW_MrsScarlett[FINISHED]-Hair_HairMesh_HairMatMat.mat
  artifactKey: Guid(e7e2900d876cd4897a14b53d92b21539) Importer(815301076,1909f56bfc062723c751e8b465ee728b)
Start importing Assets/Prefabs/CLUECREW-CHARACTERS/Female/Materials/CLUECREW_MrsScarlett[FINISHED]-Hair_HairMesh_HairMatMat.mat using Guid(e7e2900d876cd4897a14b53d92b21539) Importer(815301076,1909f56bfc062723c751e8b465ee728b)  -> (artifact id: 'b31f8c43abbed0919b834cf0fdb836e4') in 0.023800 seconds 
  Import took 0.028949 seconds .

========================================================================
Received Import Request.
  Time since last request: 0.014915 seconds.
  path: Assets/Prefabs/CLUECREW-CHARACTERS/Female/Materials/CLUECREW_MrsScarlett[FINISHED]-TearLine_TearLineMesh_TearLineMatMat.mat
  artifactKey: Guid(49b4660ba047e4679a3ea26b09fd74a1) Importer(815301076,1909f56bfc062723c751e8b465ee728b)
Start importing Assets/Prefabs/CLUECREW-CHARACTERS/Female/Materials/CLUECREW_MrsScarlett[FINISHED]-TearLine_TearLineMesh_TearLineMatMat.mat using Guid(49b4660ba047e4679a3ea26b09fd74a1) Importer(815301076,1909f56bfc062723c751e8b465ee728b)  -> (artifact id: '5f925d0bff0c192b0b5a59c879cab291') in 0.018599 seconds 
  Import took 0.027203 seconds .

========================================================================
Received Import Request.
  Time since last request: 24.712230 seconds.
  path: Assets/Prefabs/CLUECREW-CHARACTERS/Female/CLUECREW_MrsScarlett[FINISHED]-MTL.mtl
  artifactKey: Guid(608bc82e9ebc9422aa3290e5961754a2) Importer(815301076,1909f56bfc062723c751e8b465ee728b)
Start importing Assets/Prefabs/CLUECREW-CHARACTERS/Female/CLUECREW_MrsScarlett[FINISHED]-MTL.mtl using Guid(608bc82e9ebc9422aa3290e5961754a2) Importer(815301076,1909f56bfc062723c751e8b465ee728b)  -> (artifact id: 'db6cc35f59d130914fa633d8845ffe27') in 0.003909 seconds 
  Import took 0.007976 seconds .

========================================================================
Received Import Request.
  Time since last request: 27.136184 seconds.
  path: Assets/Prefabs/CLUECREW-CHARACTERS/Female/CLUECREW_MrsScarlett[FINISHED].obj
  artifactKey: Guid(f87089397ca1f4ed6b5c8fc02f5c5e10) Importer(815301076,1909f56bfc062723c751e8b465ee728b)
Start importing Assets/Prefabs/CLUECREW-CHARACTERS/Female/CLUECREW_MrsScarlett[FINISHED].obj using Guid(f87089397ca1f4ed6b5c8fc02f5c5e10) Importer(815301076,1909f56bfc062723c751e8b465ee728b)  -> (artifact id: '8cf88bcebdff681ae6f4375bc479dea7') in 0.215311 seconds 
  Import took 0.221531 seconds .

========================================================================
Received Import Request.
  Time since last request: 1.480516 seconds.
  path: Assets/Prefabs/CLUECREW-CHARACTERS/Female/Materials/Body_BodyMesh_SkinMatMat.mat
  artifactKey: Guid(9488ed8fd45d34574a5246321f2a2de1) Importer(815301076,1909f56bfc062723c751e8b465ee728b)
Start importing Assets/Prefabs/CLUECREW-CHARACTERS/Female/Materials/Body_BodyMesh_SkinMatMat.mat using Guid(9488ed8fd45d34574a5246321f2a2de1) Importer(815301076,1909f56bfc062723c751e8b465ee728b)  -> (artifact id: '2f941cf6ae9fa6cf70478b150840638c') in 0.015920 seconds 
  Import took 0.020872 seconds .

========================================================================
Received Import Request.
  Time since last request: 0.000319 seconds.
  path: Assets/Prefabs/CLUECREW-CHARACTERS/Female/Materials/Teeth_TeethMesh_Default_OBJ.001Mat.mat
  artifactKey: Guid(97613395e9c73422db4352527b417803) Importer(815301076,1909f56bfc062723c751e8b465ee728b)
Start importing Assets/Prefabs/CLUECREW-CHARACTERS/Female/Materials/Teeth_TeethMesh_Default_OBJ.001Mat.mat using Guid(97613395e9c73422db4352527b417803) Importer(815301076,1909f56bfc062723c751e8b465ee728b)  -> (artifact id: 'e17b2313c29b12f6f5a73f1fc4b812f3') in 0.022347 seconds 
  Import took 0.028718 seconds .

========================================================================
Received Import Request.
  Time since last request: 0.000405 seconds.
  path: Assets/Prefabs/CLUECREW-CHARACTERS/Female/Materials/SuitPatternMakingDetailed.002_Plane.002_FabricForShirt.001Mat.mat
  artifactKey: Guid(c9227f749344d4d4ca6190a25a6062af) Importer(815301076,1909f56bfc062723c751e8b465ee728b)
Start importing Assets/Prefabs/CLUECREW-CHARACTERS/Female/Materials/SuitPatternMakingDetailed.002_Plane.002_FabricForShirt.001Mat.mat using Guid(c9227f749344d4d4ca6190a25a6062af) Importer(815301076,1909f56bfc062723c751e8b465ee728b)  -> (artifact id: '6815394cf022e911637317419fae1880') in 0.018736 seconds 
  Import took 0.024658 seconds .

========================================================================
Received Import Request.
  Time since last request: 0.000315 seconds.
  path: Assets/Prefabs/CLUECREW-CHARACTERS/Female/Materials/Hair_HairMesh_HairMatMat.mat
  artifactKey: Guid(7de2bbaa277b6483aa1b7250c97e9076) Importer(815301076,1909f56bfc062723c751e8b465ee728b)
Start importing Assets/Prefabs/CLUECREW-CHARACTERS/Female/Materials/Hair_HairMesh_HairMatMat.mat using Guid(7de2bbaa277b6483aa1b7250c97e9076) Importer(815301076,1909f56bfc062723c751e8b465ee728b)  -> (artifact id: '53c277a51472ac1b06e1cf2a7a0ce6f1') in 0.019710 seconds 
  Import took 0.024537 seconds .

========================================================================
Received Import Request.
  Time since last request: 0.000328 seconds.
  path: Assets/Prefabs/CLUECREW-CHARACTERS/Female/Materials/Tongue_TongueMesh_Default_OBJ.001Mat.mat
  artifactKey: Guid(018b8aa9a1f824c118e12a89e7f334eb) Importer(815301076,1909f56bfc062723c751e8b465ee728b)
Start importing Assets/Prefabs/CLUECREW-CHARACTERS/Female/Materials/Tongue_TongueMesh_Default_OBJ.001Mat.mat using Guid(018b8aa9a1f824c118e12a89e7f334eb) Importer(815301076,1909f56bfc062723c751e8b465ee728b)  -> (artifact id: '2a3833fae997e1308afc7486bfc1af51') in 0.020589 seconds 
  Import took 0.026187 seconds .

========================================================================
Received Import Request.
  Time since last request: 0.012870 seconds.
  path: Assets/Prefabs/CLUECREW-CHARACTERS/Female/Materials/TearLine_TearLineMesh_TearLineMatMat.mat
  artifactKey: Guid(ea03aff275d0342da8e88eb6a1e98f87) Importer(815301076,1909f56bfc062723c751e8b465ee728b)
Start importing Assets/Prefabs/CLUECREW-CHARACTERS/Female/Materials/TearLine_TearLineMesh_TearLineMatMat.mat using Guid(ea03aff275d0342da8e88eb6a1e98f87) Importer(815301076,1909f56bfc062723c751e8b465ee728b)  -> (artifact id: '7e8538509002c1d49349f8dd9d6243a4') in 0.034016 seconds 
  Import took 0.039268 seconds .

========================================================================
Received Import Request.
  Time since last request: 0.000276 seconds.
  path: Assets/Prefabs/CLUECREW-CHARACTERS/Female/Materials/Eye_EyeMesh_EyeMatMat.mat
  artifactKey: Guid(cc27416731ef94730b11576dd0818534) Importer(815301076,1909f56bfc062723c751e8b465ee728b)
Start importing Assets/Prefabs/CLUECREW-CHARACTERS/Female/Materials/Eye_EyeMesh_EyeMatMat.mat using Guid(cc27416731ef94730b11576dd0818534) Importer(815301076,1909f56bfc062723c751e8b465ee728b)  -> (artifact id: 'e1614fe670cf426ed0651424b0b76063') in 0.018165 seconds 
  Import took 0.022718 seconds .

========================================================================
Received Import Request.
  Time since last request: 64.820968 seconds.
  path: Assets/Prefabs/CLUECREW-CHARACTERS/Male
  artifactKey: Guid(5ec282f75d6254f17955687384d6b732) Importer(815301076,1909f56bfc062723c751e8b465ee728b)
Start importing Assets/Prefabs/CLUECREW-CHARACTERS/Male using Guid(5ec282f75d6254f17955687384d6b732) Importer(815301076,1909f56bfc062723c751e8b465ee728b)  -> (artifact id: '61ae3d9e8a04ce4eeb1030c16273bee5') in 0.004944 seconds 
  Import took 0.036470 seconds .

========================================================================
Received Import Request.
  Time since last request: 0.008049 seconds.
  path: Assets/Prefabs/CLUECREW-CHARACTERS/Male
  artifactKey: Guid(5ec282f75d6254f17955687384d6b732) Importer(815301076,1909f56bfc062723c751e8b465ee728b)
Start importing Assets/Prefabs/CLUECREW-CHARACTERS/Male using Guid(5ec282f75d6254f17955687384d6b732) Importer(815301076,1909f56bfc062723c751e8b465ee728b)  -> (artifact id: '61ae3d9e8a04ce4eeb1030c16273bee5') in 0.003042 seconds 
  Import took 0.009329 seconds .

========================================================================
Received Import Request.
  Time since last request: 0.021808 seconds.
  path: Assets/Prefabs/CLUECREW-CHARACTERS/Male/CLUECREW_ColonelMustard[FINISHED].fbx
  artifactKey: Guid(ceca9d39403c247c2b6e3af4e4b37473) Importer(815301076,1909f56bfc062723c751e8b465ee728b)
Start importing Assets/Prefabs/CLUECREW-CHARACTERS/Male/CLUECREW_ColonelMustard[FINISHED].fbx using Guid(ceca9d39403c247c2b6e3af4e4b37473) Importer(815301076,1909f56bfc062723c751e8b465ee728b)  -> (artifact id: '5652e816a905ea8c7e75937d5da8c8d2') in 0.948264 seconds 
  Import took 0.959890 seconds .

========================================================================
Received Import Request.
  Time since last request: 0.006575 seconds.
  path: Assets/Prefabs/CLUECREW-CHARACTERS/Male/CLUECREW_MrGreen[FINISHED].fbx
  artifactKey: Guid(726754c098e8e40d7a4de8817e45e85e) Importer(815301076,1909f56bfc062723c751e8b465ee728b)
Start importing Assets/Prefabs/CLUECREW-CHARACTERS/Male/CLUECREW_MrGreen[FINISHED].fbx using Guid(726754c098e8e40d7a4de8817e45e85e) Importer(815301076,1909f56bfc062723c751e8b465ee728b)  -> (artifact id: 'cc95259b895c90db6082b7fa02183c97') in 0.283506 seconds 
  Import took 0.294259 seconds .

========================================================================
Received Import Request.
  Time since last request: 0.000668 seconds.
  path: Assets/Prefabs/CLUECREW-CHARACTERS/Male/CLUECREW_ProfessorPlum[FINISHED].fbx
  artifactKey: Guid(3611d8a3e00e2464b82d1626f01ada0b) Importer(815301076,1909f56bfc062723c751e8b465ee728b)
Start importing Assets/Prefabs/CLUECREW-CHARACTERS/Male/CLUECREW_ProfessorPlum[FINISHED].fbx using Guid(3611d8a3e00e2464b82d1626f01ada0b) Importer(815301076,1909f56bfc062723c751e8b465ee728b)  -> (artifact id: '3f99249ab44876cf22f6f3ac509de658') in 0.272556 seconds 
  Import took 0.282173 seconds .

========================================================================
Received Import Request.
  Time since last request: 0.000697 seconds.
  path: Assets/Prefabs/CLUECREW-CHARACTERS/Male/CLUECREW_ColonelMustard[FINISHED].fbx
  artifactKey: Guid(ceca9d39403c247c2b6e3af4e4b37473) Importer(815301076,1909f56bfc062723c751e8b465ee728b)
Start importing Assets/Prefabs/CLUECREW-CHARACTERS/Male/CLUECREW_ColonelMustard[FINISHED].fbx using Guid(ceca9d39403c247c2b6e3af4e4b37473) Importer(815301076,1909f56bfc062723c751e8b465ee728b)  -> (artifact id: '5652e816a905ea8c7e75937d5da8c8d2') in 0.258198 seconds 
  Import took 0.267084 seconds .

========================================================================
Received Import Request.
  Time since last request: 17.766278 seconds.
  path: Assets/Prefabs/CLUECREW-CHARACTERS/Male/CLUECREW_ColonelMustard[FINISHED].fbx
  artifactKey: Guid(ceca9d39403c247c2b6e3af4e4b37473) Importer(815301076,1909f56bfc062723c751e8b465ee728b)
Start importing Assets/Prefabs/CLUECREW-CHARACTERS/Male/CLUECREW_ColonelMustard[FINISHED].fbx using Guid(ceca9d39403c247c2b6e3af4e4b37473) Importer(815301076,1909f56bfc062723c751e8b465ee728b)  -> (artifact id: 'ee3e0297bc7636d96bc1829bc2c81022') in 0.269459 seconds 
  Import took 0.278936 seconds .

========================================================================
Received Import Request.
  Time since last request: 0.000923 seconds.
  path: Assets/Prefabs/CLUECREW-CHARACTERS/Male/Dress_Shoe_Left_0.png
  artifactKey: Guid(7b01c8c024a0a45ed98f98630f2e33d1) Importer(815301076,1909f56bfc062723c751e8b465ee728b)
Start importing Assets/Prefabs/CLUECREW-CHARACTERS/Male/Dress_Shoe_Left_0.png using Guid(7b01c8c024a0a45ed98f98630f2e33d1) Importer(815301076,1909f56bfc062723c751e8b465ee728b)  -> (artifact id: 'd2146c27831abfc4d59385740605e0c2') in 1.426053 seconds 
  Import took 1.430966 seconds .

========================================================================
Received Import Request.
  Time since last request: 0.007144 seconds.
  path: Assets/Prefabs/CLUECREW-CHARACTERS/Male/Collar_FRONT_5309977_albedo(mustard).jpg
  artifactKey: Guid(64c0b727d52a64bdaa866142799c3574) Importer(815301076,1909f56bfc062723c751e8b465ee728b)
Start importing Assets/Prefabs/CLUECREW-CHARACTERS/Male/Collar_FRONT_5309977_albedo(mustard).jpg using Guid(64c0b727d52a64bdaa866142799c3574) Importer(815301076,1909f56bfc062723c751e8b465ee728b)  -> (artifact id: 'c729fd1a565f4659da2ecf9f07e2616e') in 1.362899 seconds 
  Import took 1.369568 seconds .

========================================================================
Received Import Request.
  Time since last request: 0.006022 seconds.
  path: Assets/Prefabs/CLUECREW-CHARACTERS/Male/CLUECREW_MrGreen[FINISHED].fbx
  artifactKey: Guid(726754c098e8e40d7a4de8817e45e85e) Importer(815301076,1909f56bfc062723c751e8b465ee728b)
Start importing Assets/Prefabs/CLUECREW-CHARACTERS/Male/CLUECREW_MrGreen[FINISHED].fbx using Guid(726754c098e8e40d7a4de8817e45e85e) Importer(815301076,1909f56bfc062723c751e8b465ee728b)  -> (artifact id: '37e7c99d610bf7e7a083526650316975') in 0.219747 seconds 
  Import took 0.229096 seconds .

========================================================================
Received Import Request.
  Time since last request: 0.000841 seconds.
  path: Assets/Prefabs/CLUECREW-CHARACTERS/Male/CLUECREW_ProfessorPlum[FINISHED].fbx
  artifactKey: Guid(3611d8a3e00e2464b82d1626f01ada0b) Importer(815301076,1909f56bfc062723c751e8b465ee728b)
Start importing Assets/Prefabs/CLUECREW-CHARACTERS/Male/CLUECREW_ProfessorPlum[FINISHED].fbx using Guid(3611d8a3e00e2464b82d1626f01ada0b) Importer(815301076,1909f56bfc062723c751e8b465ee728b)  -> (artifact id: 'a2c262d837b32b0700c97842c0032701') in 0.239230 seconds 
  Import took 0.248201 seconds .

========================================================================
Received Import Request.
  Time since last request: 12.334856 seconds.
  path: Assets/Prefabs/CLUECREW-CHARACTERS/Male/MustardMats
  artifactKey: Guid(37dfeb988bf9b4a0ea5fa3f6401695ba) Importer(815301076,1909f56bfc062723c751e8b465ee728b)
Start importing Assets/Prefabs/CLUECREW-CHARACTERS/Male/MustardMats using Guid(37dfeb988bf9b4a0ea5fa3f6401695ba) Importer(815301076,1909f56bfc062723c751e8b465ee728b)  -> (artifact id: '5de42b670b0177f79e109f32c1ab3183') in 0.003329 seconds 
  Import took 0.007524 seconds .

========================================================================
Received Import Request.
  Time since last request: 23.393953 seconds.
  path: Assets/Prefabs/CLUECREW-CHARACTERS/Male/CLUECREW_ColonelMustard[FINISHED].fbx
  artifactKey: Guid(ceca9d39403c247c2b6e3af4e4b37473) Importer(815301076,1909f56bfc062723c751e8b465ee728b)
Start importing Assets/Prefabs/CLUECREW-CHARACTERS/Male/CLUECREW_ColonelMustard[FINISHED].fbx using Guid(ceca9d39403c247c2b6e3af4e4b37473) Importer(815301076,1909f56bfc062723c751e8b465ee728b)  -> (artifact id: '63d9b7d983b2cad7907c6809de096be0') in 0.214173 seconds 
  Import took 0.225158 seconds .

========================================================================
Received Import Request.
  Time since last request: 0.000502 seconds.
  path: Assets/Prefabs/CLUECREW-CHARACTERS/Male/Shirt+PantsMat.mat
  artifactKey: Guid(dbf639be8a51944f1ad0a97036152fbf) Importer(815301076,1909f56bfc062723c751e8b465ee728b)
Start importing Assets/Prefabs/CLUECREW-CHARACTERS/Male/Shirt+PantsMat.mat using Guid(dbf639be8a51944f1ad0a97036152fbf) Importer(815301076,1909f56bfc062723c751e8b465ee728b)  -> (artifact id: 'e0bb8e52de25d4d933c0e33113dd42c9') in 0.025637 seconds 
  Import took 0.030867 seconds .

========================================================================
Received Import Request.
  Time since last request: 0.001147 seconds.
  path: Assets/Prefabs/CLUECREW-CHARACTERS/Male/SkinMat.mat
  artifactKey: Guid(aca0964802ea54648ba2093fb4e4ca2b) Importer(815301076,1909f56bfc062723c751e8b465ee728b)
Start importing Assets/Prefabs/CLUECREW-CHARACTERS/Male/SkinMat.mat using Guid(aca0964802ea54648ba2093fb4e4ca2b) Importer(815301076,1909f56bfc062723c751e8b465ee728b)  -> (artifact id: 'fc28c6907628242015d72b0496016688') in 0.020580 seconds 
  Import took 0.025535 seconds .

========================================================================
Received Import Request.
  Time since last request: 0.000327 seconds.
  path: Assets/Prefabs/CLUECREW-CHARACTERS/Male/HatBeltMat.mat
  artifactKey: Guid(3b7cee6a973d74db68486e9583502c5c) Importer(815301076,1909f56bfc062723c751e8b465ee728b)
Start importing Assets/Prefabs/CLUECREW-CHARACTERS/Male/HatBeltMat.mat using Guid(3b7cee6a973d74db68486e9583502c5c) Importer(815301076,1909f56bfc062723c751e8b465ee728b)  -> (artifact id: '88881167a160f14d66fda6d9f0e348f2') in 0.029157 seconds 
  Import took 0.032527 seconds .

========================================================================
Received Import Request.
  Time since last request: 0.017523 seconds.
  path: Assets/Prefabs/CLUECREW-CHARACTERS/Male/HatBuckleMat.mat
  artifactKey: Guid(3f4ae53490504418c81f179e6d4afb43) Importer(815301076,1909f56bfc062723c751e8b465ee728b)
Start importing Assets/Prefabs/CLUECREW-CHARACTERS/Male/HatBuckleMat.mat using Guid(3f4ae53490504418c81f179e6d4afb43) Importer(815301076,1909f56bfc062723c751e8b465ee728b)  -> (artifact id: '20eab3e18d5ac6cc87ef2f78951fc847') in 0.022058 seconds 
  Import took 0.026112 seconds .

========================================================================
Received Import Request.
  Time since last request: 0.000317 seconds.
  path: Assets/Prefabs/CLUECREW-CHARACTERS/Male/HatMat.mat
  artifactKey: Guid(5289b8b59a5be4fda81294790c7e0d8b) Importer(815301076,1909f56bfc062723c751e8b465ee728b)
Start importing Assets/Prefabs/CLUECREW-CHARACTERS/Male/HatMat.mat using Guid(5289b8b59a5be4fda81294790c7e0d8b) Importer(815301076,1909f56bfc062723c751e8b465ee728b)  -> (artifact id: 'abf67e6b756593900612ddab4d09d3c6') in 0.021648 seconds 
  Import took 0.028472 seconds .

========================================================================
Received Import Request.
  Time since last request: 0.001010 seconds.
  path: Assets/Prefabs/CLUECREW-CHARACTERS/Male/ShoeMat.mat
  artifactKey: Guid(9c2aaf0bd4c2740eabc4aa8329435026) Importer(815301076,1909f56bfc062723c751e8b465ee728b)
Start importing Assets/Prefabs/CLUECREW-CHARACTERS/Male/ShoeMat.mat using Guid(9c2aaf0bd4c2740eabc4aa8329435026) Importer(815301076,1909f56bfc062723c751e8b465ee728b)  -> (artifact id: '6c4cf79248449728b77fd9d9923e629f') in 0.047826 seconds 
  Import took 0.052310 seconds .

========================================================================
Received Import Request.
  Time since last request: 104.397497 seconds.
  path: Assets/Prefabs/CLUECREW-CHARACTERS/Male/MustardMats/HatBeltMat.mat
  artifactKey: Guid(3b7cee6a973d74db68486e9583502c5c) Importer(815301076,1909f56bfc062723c751e8b465ee728b)
Start importing Assets/Prefabs/CLUECREW-CHARACTERS/Male/MustardMats/HatBeltMat.mat using Guid(3b7cee6a973d74db68486e9583502c5c) Importer(815301076,1909f56bfc062723c751e8b465ee728b)  -> (artifact id: '14a111c039b6048c2c79586bb3cd561f') in 0.018357 seconds 
  Import took 0.023293 seconds .

========================================================================
Received Import Request.
  Time since last request: 0.000489 seconds.
  path: Assets/Prefabs/CLUECREW-CHARACTERS/Male/MustardMats/HatMat.mat
  artifactKey: Guid(5289b8b59a5be4fda81294790c7e0d8b) Importer(815301076,1909f56bfc062723c751e8b465ee728b)
Start importing Assets/Prefabs/CLUECREW-CHARACTERS/Male/MustardMats/HatMat.mat using Guid(5289b8b59a5be4fda81294790c7e0d8b) Importer(815301076,1909f56bfc062723c751e8b465ee728b)  -> (artifact id: 'c607f2987cccd385115247dc964f81b2') in 0.020653 seconds 
  Import took 0.027678 seconds .

========================================================================
Received Import Request.
  Time since last request: 104.746362 seconds.
  path: Assets/Prefabs/CLUECREW-CHARACTERS/Male/MustardTextures
  artifactKey: Guid(369db004615054dcea3b32d306712091) Importer(815301076,1909f56bfc062723c751e8b465ee728b)
Start importing Assets/Prefabs/CLUECREW-CHARACTERS/Male/MustardTextures using Guid(369db004615054dcea3b32d306712091) Importer(815301076,1909f56bfc062723c751e8b465ee728b)  -> (artifact id: '9b200bfab9a7627eb34a043761bf86e4') in 0.001954 seconds 
  Import took 0.006417 seconds .

========================================================================
Received Import Request.
  Time since last request: 11.084099 seconds.
  path: Assets/Prefabs/CLUECREW-CHARACTERS/Male/CLUECREW_ColonelMustard[FINISHED].fbx
  artifactKey: Guid(ceca9d39403c247c2b6e3af4e4b37473) Importer(815301076,1909f56bfc062723c751e8b465ee728b)
Start importing Assets/Prefabs/CLUECREW-CHARACTERS/Male/CLUECREW_ColonelMustard[FINISHED].fbx using Guid(ceca9d39403c247c2b6e3af4e4b37473) Importer(815301076,1909f56bfc062723c751e8b465ee728b)  -> (artifact id: '6fc4cb7003ad7a8db963a24a4e3e5826') in 0.234941 seconds 
  Import took 0.244810 seconds .

========================================================================
Received Import Request.
  Time since last request: 3.466911 seconds.
  path: Assets/Prefabs/CLUECREW-CHARACTERS/Male/MustardTextures/Collar_FRONT_5309977_albedo(mustard).jpg
  artifactKey: Guid(7385c2a9674aa46c8ad8cca2b3e6b021) Importer(815301076,1909f56bfc062723c751e8b465ee728b)
Start importing Assets/Prefabs/CLUECREW-CHARACTERS/Male/MustardTextures/Collar_FRONT_5309977_albedo(mustard).jpg using Guid(7385c2a9674aa46c8ad8cca2b3e6b021) Importer(815301076,1909f56bfc062723c751e8b465ee728b)  -> (artifact id: 'bc215f9e920d9b3d870dab58f4afe0b9') in 0.015430 seconds 
  Import took 0.019401 seconds .

========================================================================
Received Import Request.
  Time since last request: 0.000318 seconds.
  path: Assets/Prefabs/CLUECREW-CHARACTERS/Male/MustardTextures/Dress_Shoe_Left_0.png
  artifactKey: Guid(4352fe1b1f3c64a808a5c1c6d2742562) Importer(815301076,1909f56bfc062723c751e8b465ee728b)
Start importing Assets/Prefabs/CLUECREW-CHARACTERS/Male/MustardTextures/Dress_Shoe_Left_0.png using Guid(4352fe1b1f3c64a808a5c1c6d2742562) Importer(815301076,1909f56bfc062723c751e8b465ee728b)  -> (artifact id: '4b56d8c58d8b0786d8df77c9092d9b81') in 0.015496 seconds 
  Import took 0.021585 seconds .

========================================================================
Received Import Request.
  Time since last request: 60.755078 seconds.
  path: Assets/Prefabs/CLUECREW-CHARACTERS/Male/New Folder
  artifactKey: Guid(bc47fcf3f680940b7aec9baec9459095) Importer(815301076,1909f56bfc062723c751e8b465ee728b)
Start importing Assets/Prefabs/CLUECREW-CHARACTERS/Male/New Folder using Guid(bc47fcf3f680940b7aec9baec9459095) Importer(815301076,1909f56bfc062723c751e8b465ee728b)  -> (artifact id: '20e2bebd07c31f87763e6b1a110cd68e') in 0.003528 seconds 
  Import took 0.007062 seconds .

========================================================================
Received Import Request.
  Time since last request: 8.017069 seconds.
  path: Assets/Prefabs/CLUECREW-CHARACTERS/Male/GreenMats
  artifactKey: Guid(bc47fcf3f680940b7aec9baec9459095) Importer(815301076,1909f56bfc062723c751e8b465ee728b)
Start importing Assets/Prefabs/CLUECREW-CHARACTERS/Male/GreenMats using Guid(bc47fcf3f680940b7aec9baec9459095) Importer(815301076,1909f56bfc062723c751e8b465ee728b)  -> (artifact id: '629c03a84e45e2c4876b3c1748684444') in 0.002359 seconds 
  Import took 0.006571 seconds .

========================================================================
Received Import Request.
  Time since last request: 6.526813 seconds.
  path: Assets/Prefabs/CLUECREW-CHARACTERS/Male/GreenTextures
  artifactKey: Guid(35e5adea14cfd4542827199849728011) Importer(815301076,1909f56bfc062723c751e8b465ee728b)
Start importing Assets/Prefabs/CLUECREW-CHARACTERS/Male/GreenTextures using Guid(35e5adea14cfd4542827199849728011) Importer(815301076,1909f56bfc062723c751e8b465ee728b)  -> (artifact id: 'ab54e30c273ebd8c3e8671c28777ad30') in 0.003263 seconds 
  Import took 0.007450 seconds .

========================================================================
Received Import Request.
  Time since last request: 9.090321 seconds.
  path: Assets/Prefabs/CLUECREW-CHARACTERS/Male/PlumTextures
  artifactKey: Guid(9cf6baa8446fb4e1c94cb3cc035159af) Importer(815301076,1909f56bfc062723c751e8b465ee728b)
Start importing Assets/Prefabs/CLUECREW-CHARACTERS/Male/PlumTextures using Guid(9cf6baa8446fb4e1c94cb3cc035159af) Importer(815301076,1909f56bfc062723c751e8b465ee728b)  -> (artifact id: '61a14be031fdab1ca0c3005abdab0b2d') in 0.003173 seconds 
  Import took 0.006810 seconds .

========================================================================
Received Import Request.
  Time since last request: 5.176203 seconds.
  path: Assets/Prefabs/CLUECREW-CHARACTERS/Male/PlumMats
  artifactKey: Guid(7aaeebb73595f4fcf9f5b68dcf448687) Importer(815301076,1909f56bfc062723c751e8b465ee728b)
Start importing Assets/Prefabs/CLUECREW-CHARACTERS/Male/PlumMats using Guid(7aaeebb73595f4fcf9f5b68dcf448687) Importer(815301076,1909f56bfc062723c751e8b465ee728b)  -> (artifact id: 'f1d78d1560227e5d09178d5108102380') in 0.003376 seconds 
  Import took 0.008348 seconds .

========================================================================
Received Import Request.
  Time since last request: 14.214085 seconds.
  path: Assets/Prefabs/CLUECREW-CHARACTERS/Male/CLUECREW_MrGreen[FINISHED].fbx
  artifactKey: Guid(726754c098e8e40d7a4de8817e45e85e) Importer(815301076,1909f56bfc062723c751e8b465ee728b)
Start importing Assets/Prefabs/CLUECREW-CHARACTERS/Male/CLUECREW_MrGreen[FINISHED].fbx using Guid(726754c098e8e40d7a4de8817e45e85e) Importer(815301076,1909f56bfc062723c751e8b465ee728b)  -> (artifact id: 'f5c4c81aeaa0ecf25c39bddaf80e5c42') in 0.255564 seconds 
  Import took 0.265155 seconds .

========================================================================
Received Import Request.
  Time since last request: 13.309619 seconds.
  path: Assets/Prefabs/CLUECREW-CHARACTERS/Male/CLUECREW_MrGreen[FINISHED].fbx
  artifactKey: Guid(726754c098e8e40d7a4de8817e45e85e) Importer(815301076,1909f56bfc062723c751e8b465ee728b)
Start importing Assets/Prefabs/CLUECREW-CHARACTERS/Male/CLUECREW_MrGreen[FINISHED].fbx using Guid(726754c098e8e40d7a4de8817e45e85e) Importer(815301076,1909f56bfc062723c751e8b465ee728b)  -> (artifact id: '8180a5e80257922c5affb0b2720f69ac') in 0.215527 seconds 
  Import took 0.226816 seconds .

========================================================================
Received Import Request.
  Time since last request: 14.744571 seconds.
  path: Assets/Prefabs/CLUECREW-CHARACTERS/Male/GreenMats/HatBeltMat.mat
  artifactKey: Guid(8d757295e5bcf44f18dd5c9ce2dc9bb6) Importer(815301076,1909f56bfc062723c751e8b465ee728b)
Start importing Assets/Prefabs/CLUECREW-CHARACTERS/Male/GreenMats/HatBeltMat.mat using Guid(8d757295e5bcf44f18dd5c9ce2dc9bb6) Importer(815301076,1909f56bfc062723c751e8b465ee728b)  -> (artifact id: '404c865903ed1bf813eacda878173dd4') in 0.021249 seconds 
  Import took 0.027231 seconds .

========================================================================
Received Import Request.
  Time since last request: 0.000364 seconds.
  path: Assets/Prefabs/CLUECREW-CHARACTERS/Male/GreenMats/Shirt+PantsMat.mat
  artifactKey: Guid(987295616763a4f2da6eca8dc9929498) Importer(815301076,1909f56bfc062723c751e8b465ee728b)
Start importing Assets/Prefabs/CLUECREW-CHARACTERS/Male/GreenMats/Shirt+PantsMat.mat using Guid(987295616763a4f2da6eca8dc9929498) Importer(815301076,1909f56bfc062723c751e8b465ee728b)  -> (artifact id: '2797fe470ca4cf944e7481aaf9e993a1') in 0.026396 seconds 
  Import took 0.032422 seconds .

========================================================================
Received Import Request.
  Time since last request: 0.014233 seconds.
  path: Assets/Prefabs/CLUECREW-CHARACTERS/Male/GreenMats/HatMat.mat
  artifactKey: Guid(981392f22f6ca4bfb89920e3ec2e1f11) Importer(815301076,1909f56bfc062723c751e8b465ee728b)
Start importing Assets/Prefabs/CLUECREW-CHARACTERS/Male/GreenMats/HatMat.mat using Guid(981392f22f6ca4bfb89920e3ec2e1f11) Importer(815301076,1909f56bfc062723c751e8b465ee728b)  -> (artifact id: '76ef7cd76941ab7b127f1857355d7cfe') in 0.016927 seconds 
  Import took 0.023176 seconds .

========================================================================
Received Import Request.
  Time since last request: 0.002839 seconds.
  path: Assets/Prefabs/CLUECREW-CHARACTERS/Male/GreenMats/HatBuckleMat.mat
  artifactKey: Guid(b1a32a4013b8b43f5a61224ce27e4637) Importer(815301076,1909f56bfc062723c751e8b465ee728b)
Start importing Assets/Prefabs/CLUECREW-CHARACTERS/Male/GreenMats/HatBuckleMat.mat using Guid(b1a32a4013b8b43f5a61224ce27e4637) Importer(815301076,1909f56bfc062723c751e8b465ee728b)  -> (artifact id: '383f24b08cc016b512310d1f37795a9d') in 0.024940 seconds 
  Import took 0.031882 seconds .

========================================================================
Received Import Request.
  Time since last request: 0.000707 seconds.
  path: Assets/Prefabs/CLUECREW-CHARACTERS/Male/GreenMats/ShoeMat.mat
  artifactKey: Guid(4d19e968784934ebd9844c42f3cd3648) Importer(815301076,1909f56bfc062723c751e8b465ee728b)
Start importing Assets/Prefabs/CLUECREW-CHARACTERS/Male/GreenMats/ShoeMat.mat using Guid(4d19e968784934ebd9844c42f3cd3648) Importer(815301076,1909f56bfc062723c751e8b465ee728b)  -> (artifact id: '894c5b951dacfaf707b3827c4e482258') in 0.025017 seconds 
  Import took 0.031811 seconds .

========================================================================
Received Import Request.
  Time since last request: 0.000296 seconds.
  path: Assets/Prefabs/CLUECREW-CHARACTERS/Male/GreenMats/SkinMat.mat
  artifactKey: Guid(a7e9b062a06e943dc85513be62432f0f) Importer(815301076,1909f56bfc062723c751e8b465ee728b)
Start importing Assets/Prefabs/CLUECREW-CHARACTERS/Male/GreenMats/SkinMat.mat using Guid(a7e9b062a06e943dc85513be62432f0f) Importer(815301076,1909f56bfc062723c751e8b465ee728b)  -> (artifact id: '2b2e170815f7fff12eaa292a08b21990') in 0.032160 seconds 
  Import took 0.039249 seconds .

========================================================================
Received Import Request.
  Time since last request: 33.458545 seconds.
  path: Assets/Prefabs/CLUECREW-CHARACTERS/Male/GreenTextures/Collar_FRONT_5309977_albedo(Green).jpg
  artifactKey: Guid(1586c7ebceed74deaaae1f7dd819eae4) Importer(815301076,1909f56bfc062723c751e8b465ee728b)
Start importing Assets/Prefabs/CLUECREW-CHARACTERS/Male/GreenTextures/Collar_FRONT_5309977_albedo(Green).jpg using Guid(1586c7ebceed74deaaae1f7dd819eae4) Importer(815301076,1909f56bfc062723c751e8b465ee728b)  -> (artifact id: '6ed4bf51fd8e9127e06bf93f011f724e') in 0.022705 seconds 
  Import took 0.026999 seconds .

========================================================================
Received Import Request.
  Time since last request: 0.000391 seconds.
  path: Assets/Prefabs/CLUECREW-CHARACTERS/Male/GreenTextures/Dress_Shoe_Left_0.png
  artifactKey: Guid(0f9a1843f8b7649a8b99ef937249558a) Importer(815301076,1909f56bfc062723c751e8b465ee728b)
Start importing Assets/Prefabs/CLUECREW-CHARACTERS/Male/GreenTextures/Dress_Shoe_Left_0.png using Guid(0f9a1843f8b7649a8b99ef937249558a) Importer(815301076,1909f56bfc062723c751e8b465ee728b)  -> (artifact id: 'b8ab0b082c9e0f05e0a003c6f1469a03') in 0.024384 seconds 
  Import took 0.031409 seconds .

========================================================================
Received Import Request.
  Time since last request: 43.285566 seconds.
  path: Assets/Prefabs/CLUECREW-CHARACTERS/Male/CLUECREW_ProfessorPlum[FINISHED].fbx
  artifactKey: Guid(3611d8a3e00e2464b82d1626f01ada0b) Importer(815301076,1909f56bfc062723c751e8b465ee728b)
Start importing Assets/Prefabs/CLUECREW-CHARACTERS/Male/CLUECREW_ProfessorPlum[FINISHED].fbx using Guid(3611d8a3e00e2464b82d1626f01ada0b) Importer(815301076,1909f56bfc062723c751e8b465ee728b)  -> (artifact id: '611064d19648f7ab1594eba4e9a33343') in 0.289048 seconds 
  Import took 0.298699 seconds .

========================================================================
Received Import Request.
  Time since last request: 11.797617 seconds.
  path: Assets/Prefabs/CLUECREW-CHARACTERS/Male/CLUECREW_ProfessorPlum[FINISHED].fbx
  artifactKey: Guid(3611d8a3e00e2464b82d1626f01ada0b) Importer(815301076,1909f56bfc062723c751e8b465ee728b)
Start importing Assets/Prefabs/CLUECREW-CHARACTERS/Male/CLUECREW_ProfessorPlum[FINISHED].fbx using Guid(3611d8a3e00e2464b82d1626f01ada0b) Importer(815301076,1909f56bfc062723c751e8b465ee728b)  -> (artifact id: 'b537a0e9537660dedfa0ae208c07713a') in 0.226333 seconds 
  Import took 0.236065 seconds .

========================================================================
Received Import Request.
  Time since last request: 61.016972 seconds.
  path: Assets/Prefabs/CLUECREW-CHARACTERS/Male/PlumMats/HatBeltMat.mat
  artifactKey: Guid(834aeaca9318940c4b1986e9341b0acd) Importer(815301076,1909f56bfc062723c751e8b465ee728b)
Start importing Assets/Prefabs/CLUECREW-CHARACTERS/Male/PlumMats/HatBeltMat.mat using Guid(834aeaca9318940c4b1986e9341b0acd) Importer(815301076,1909f56bfc062723c751e8b465ee728b)  -> (artifact id: '7cdc9be301f35066faf17bbff7de6172') in 0.019486 seconds 
  Import took 0.025345 seconds .

========================================================================
Received Import Request.
  Time since last request: 0.000337 seconds.
  path: Assets/Prefabs/CLUECREW-CHARACTERS/Male/PlumMats/HatBuckleMat.mat
  artifactKey: Guid(c5c8690b553b14d0fa6915bf9664cb6e) Importer(815301076,1909f56bfc062723c751e8b465ee728b)
Start importing Assets/Prefabs/CLUECREW-CHARACTERS/Male/PlumMats/HatBuckleMat.mat using Guid(c5c8690b553b14d0fa6915bf9664cb6e) Importer(815301076,1909f56bfc062723c751e8b465ee728b)  -> (artifact id: '14ace969a9536ce6322f5c8dc0d0fd59') in 0.018525 seconds 
  Import took 0.022722 seconds .

========================================================================
Received Import Request.
  Time since last request: 0.000324 seconds.
  path: Assets/Prefabs/CLUECREW-CHARACTERS/Male/PlumMats/SkinMat.mat
  artifactKey: Guid(874a1708ac2df4d02a1877eadb8570dd) Importer(815301076,1909f56bfc062723c751e8b465ee728b)
Start importing Assets/Prefabs/CLUECREW-CHARACTERS/Male/PlumMats/SkinMat.mat using Guid(874a1708ac2df4d02a1877eadb8570dd) Importer(815301076,1909f56bfc062723c751e8b465ee728b)  -> (artifact id: '1dcd539a25c3faa924b8c602b4e13729') in 0.020024 seconds 
  Import took 0.027089 seconds .

========================================================================
Received Import Request.
  Time since last request: 0.000382 seconds.
  path: Assets/Prefabs/CLUECREW-CHARACTERS/Male/PlumMats/Shirt+PantsMat.mat
  artifactKey: Guid(4104da5e7868b4daab3ecb87f9c395ef) Importer(815301076,1909f56bfc062723c751e8b465ee728b)
Start importing Assets/Prefabs/CLUECREW-CHARACTERS/Male/PlumMats/Shirt+PantsMat.mat using Guid(4104da5e7868b4daab3ecb87f9c395ef) Importer(815301076,1909f56bfc062723c751e8b465ee728b)  -> (artifact id: '4941d179c4c569b46156ecbb0b0a7ba9') in 0.038742 seconds 
  Import took 0.044780 seconds .

========================================================================
Received Import Request.
  Time since last request: 0.000394 seconds.
  path: Assets/Prefabs/CLUECREW-CHARACTERS/Male/PlumMats/HatMat.mat
  artifactKey: Guid(3a4f9ccdef05141b8901878f71132fc0) Importer(815301076,1909f56bfc062723c751e8b465ee728b)
Start importing Assets/Prefabs/CLUECREW-CHARACTERS/Male/PlumMats/HatMat.mat using Guid(3a4f9ccdef05141b8901878f71132fc0) Importer(815301076,1909f56bfc062723c751e8b465ee728b)  -> (artifact id: 'bef0f3f2d388973739a4d11f98e7114f') in 0.017710 seconds 
  Import took 0.023170 seconds .

========================================================================
Received Import Request.
  Time since last request: 0.000432 seconds.
  path: Assets/Prefabs/CLUECREW-CHARACTERS/Male/PlumMats/ShoeMat.mat
  artifactKey: Guid(e77a7ace5256743fba948fe69016b488) Importer(815301076,1909f56bfc062723c751e8b465ee728b)
Start importing Assets/Prefabs/CLUECREW-CHARACTERS/Male/PlumMats/ShoeMat.mat using Guid(e77a7ace5256743fba948fe69016b488) Importer(815301076,1909f56bfc062723c751e8b465ee728b)  -> (artifact id: '186bddaab895d445a97a8109cddbdddb') in 0.031170 seconds 
  Import took 0.038488 seconds .

